<?xml version="1.0" encoding="UTF-8"?>
<!-- Generated by org.testng.reporters.JUnitReportReporter -->
<testsuite hostname="DESKTOP-ESPANGC" failures="0" tests="1" name="TestCases.AddToCartTest" time="0.887" errors="0" timestamp="2025-10-13T11:46:44 IST" skipped="0">
  <testcase classname="TestCases.AddToCartTest" name="Test" time="0.887"/>
</testsuite> <!-- TestCases.AddToCartTest -->
