<?xml version="1.0" encoding="UTF-8"?>
<!-- Generated by org.testng.reporters.JUnitReportReporter -->
<testsuite hostname="DESKTOP-ESPANGC" failures="0" tests="1" name="TestCases.LoginPageTest" time="6.132" errors="0" timestamp="2025-09-28T14:11:15 IST" skipped="0">
  <testcase classname="TestCases.LoginPageTest" name="test" time="6.132"/>
</testsuite> <!-- TestCases.LoginPageTest -->
