<?xml version="1.0" encoding="UTF-8"?>
<!-- Generated by org.testng.reporters.JUnitReportReporter -->
<testsuite hostname="DESKTOP-ESPANGC" failures="0" tests="1" name="TestCases.RemoveWishListTest" time="3.492" errors="0" timestamp="2025-10-06T11:31:23 IST" skipped="0">
  <testcase classname="TestCases.RemoveWishListTest" name="Test" time="3.492"/>
</testsuite> <!-- TestCases.RemoveWishListTest -->
