<?xml version="1.0" encoding="UTF-8"?>
<!-- Generated by org.testng.reporters.JUnitReportReporter -->
<testsuite hostname="DESKTOP-ESPANGC" failures="0" tests="1" name="TestCases.HomeTest" time="0.846" errors="0" timestamp="2025-09-29T14:35:26 IST" skipped="0">
  <testcase classname="TestCases.HomeTest" name="Test" time="0.846"/>
</testsuite> <!-- TestCases.HomeTest -->
