<?xml version="1.0" encoding="UTF-8"?>
<!-- Generated by org.testng.reporters.JUnitReportReporter -->
<testsuite hostname="DESKTOP-ESPANGC" failures="0" tests="1" name="TestCases.SearchTest" time="1.101" errors="0" timestamp="2025-09-30T23:35:40 IST" skipped="0">
  <testcase classname="TestCases.SearchTest" name="testSearchItem" time="1.101"/>
</testsuite> <!-- TestCases.SearchTest -->
