<?xml version="1.0" encoding="UTF-8"?>
<!-- Generated by org.testng.reporters.JUnitReportReporter -->
<testsuite hostname="DESKTOP-ESPANGC" failures="0" tests="1" name="TestCases.AddToWishlistTest" time="0.097" errors="0" timestamp="2025-10-06T10:36:33 IST" skipped="0">
  <testcase classname="TestCases.AddToWishlistTest" name="Test" time="0.097"/>
</testsuite> <!-- TestCases.AddToWishlistTest -->
