<?xml version="1.0" encoding="UTF-8"?>
<!-- Generated by org.testng.reporters.JUnitReportReporter -->
<testsuite hostname="DESKTOP-ESPANGC" failures="0" tests="1" name="TestCases.LoginTest" time="0.832" errors="0" timestamp="2025-10-07T09:55:33 IST" skipped="0">
  <testcase classname="TestCases.LoginTest" name="Test" time="0.832"/>
</testsuite> <!-- TestCases.LoginTest -->
