<?xml version="1.0" encoding="UTF-8"?>
<!-- Generated by org.testng.reporters.JUnitReportReporter -->
<testsuite hostname="DESKTOP-ESPANGC" failures="0" tests="1" name="TestCases.SearchTest" time="0.567" errors="0" timestamp="2025-10-13T11:36:59 IST" skipped="0">
  <testcase classname="TestCases.SearchTest" name="testSearchItem" time="0.567"/>
</testsuite> <!-- TestCases.SearchTest -->
